{"C:\\Users\\vini_dev\\ReactNative-AuthFlow\\app\\components\\Card.tsx": {"path":"C:\\Users\\vini_dev\\ReactNative-AuthFlow\\app\\components\\Card.tsx","statementMap":{"0":{"start":{"line":16,"column":13},"end":{"line":41,"column":1}},"1":{"start":{"line":17,"column":21},"end":{"line":17,"column":36}},"2":{"start":{"line":19,"column":2},"end":{"line":40,"column":4}},"3":{"start":{"line":21,"column":21},"end":{"line":21,"column":79}},"4":{"start":{"line":45,"column":15},"end":{"line":52,"column":2}}},"fnMap":{"0":{"name":"(anonymous_0)","decl":{"start":{"line":16,"column":13},"end":{"line":16,"column":14}},"loc":{"start":{"line":16,"column":40},"end":{"line":41,"column":1}},"line":16},"1":{"name":"(anonymous_1)","decl":{"start":{"line":21,"column":15},"end":{"line":21,"column":16}},"loc":{"start":{"line":21,"column":21},"end":{"line":21,"column":79}},"line":21}},"branchMap":{},"s":{"0":1,"1":1,"2":1,"3":0,"4":1},"f":{"0":1,"1":0},"b":{},"_coverageSchema":"1a1c01bbd47fc00a2c39e90264f33305004495a9","hash":"710d440a61818affaafb407edf886014f90bd56d"}
,"C:\\Users\\vini_dev\\ReactNative-AuthFlow\\app\\components\\PickerSelect.tsx": {"path":"C:\\Users\\vini_dev\\ReactNative-AuthFlow\\app\\components\\PickerSelect.tsx","statementMap":{"0":{"start":{"line":11,"column":21},"end":{"line":37,"column":1}},"1":{"start":{"line":16,"column":23},"end":{"line":20,"column":3}},"2":{"start":{"line":21,"column":22},"end":{"line":25,"column":3}},"3":{"start":{"line":27,"column":2},"end":{"line":36,"column":4}},"4":{"start":{"line":38,"column":15},"end":{"line":49,"column":2}}},"fnMap":{"0":{"name":"(anonymous_0)","decl":{"start":{"line":11,"column":21},"end":{"line":11,"column":22}},"loc":{"start":{"line":15,"column":25},"end":{"line":37,"column":1}},"line":15}},"branchMap":{},"s":{"0":1,"1":1,"2":1,"3":1,"4":1},"f":{"0":1},"b":{},"_coverageSchema":"1a1c01bbd47fc00a2c39e90264f33305004495a9","hash":"e28a2e9a3c325ec95fda653334a60c7d0b750f2a"}
}
