{"C:\\Users\\Vini\\Desktop\\projetos\\ReactNative-AuthFlow\\app\\components\\Card.tsx": {"path":"C:\\Users\\Vini\\Desktop\\projetos\\ReactNative-AuthFlow\\app\\components\\Card.tsx","statementMap":{"0":{"start":{"line":16,"column":13},"end":{"line":41,"column":1}},"1":{"start":{"line":17,"column":21},"end":{"line":17,"column":36}},"2":{"start":{"line":19,"column":2},"end":{"line":40,"column":4}},"3":{"start":{"line":21,"column":21},"end":{"line":21,"column":79}},"4":{"start":{"line":45,"column":15},"end":{"line":52,"column":2}}},"fnMap":{"0":{"name":"(anonymous_0)","decl":{"start":{"line":16,"column":13},"end":{"line":16,"column":14}},"loc":{"start":{"line":16,"column":40},"end":{"line":41,"column":1}},"line":16},"1":{"name":"(anonymous_1)","decl":{"start":{"line":21,"column":15},"end":{"line":21,"column":16}},"loc":{"start":{"line":21,"column":21},"end":{"line":21,"column":79}},"line":21}},"branchMap":{},"s":{"0":1,"1":1,"2":1,"3":0,"4":1},"f":{"0":1,"1":0},"b":{},"_coverageSchema":"1a1c01bbd47fc00a2c39e90264f33305004495a9","hash":"13cf86494fb5bc4499eed305cdd9f997e27236ed"}
}
